# JRE version: OpenJDK Runtime Environment (8.0_152-b02) (build 1.8.0_152-release-1024-b02)
# Java VM: OpenJDK 64-Bit Server VM (25.152-b02 mixed mode windows-amd64 compressed oops)
Heap:
 PSYoungGen      total 78848K, used 18247K [0x00000000e0000000, 0x00000000e7280000, 0x0000000100000000)
  eden space 68096K, 17% used [0x00000000e0000000,0x00000000e0b5bf58,0x00000000e4280000)
  from space 10752K, 61% used [0x00000000e4280000,0x00000000e48f5fb8,0x00000000e4d00000)
  to   space 10752K, 0% used [0x00000000e6800000,0x00000000e6800000,0x00000000e7280000)
 ParOldGen       total 81408K, used 13874K [0x00000000a0000000, 0x00000000a4f80000, 0x00000000e0000000)
  object space 81408K, 17% used [0x00000000a0000000,0x00000000a0d8c8d0,0x00000000a4f80000)
 Metaspace       used 39121K, capacity 39852K, committed 40152K, reserved 1083392K
  class space    used 5340K, capacity 5576K, committed 5632K, reserved 1048576K
GC Heap History (10 events):
Event: 12.743 GC heap before
{Heap before GC invocations=9 (full 1):
 PSYoungGen      total 43008K, used 37571K [0x00000000e0000000, 0x00000000e4380000, 0x0000000100000000)
  eden space 32768K, 100% used [0x00000000e0000000,0x00000000e2000000,0x00000000e2000000)
  from space 10240K, 46% used [0x00000000e2000000,0x00000000e24b0fb0,0x00000000e2a00000)
  to   space 9728K, 0% used [0x00000000e3a00000,0x00000000e3a00000,0x00000000e4380000)
 ParOldGen       total 60416K, used 8052K [0x00000000a0000000, 0x00000000a3b00000, 0x00000000e0000000)
  object space 60416K, 13% used [0x00000000a0000000,0x00000000a07dd340,0x00000000a3b00000)
 Metaspace       used 28647K, capacity 29136K, committed 29312K, reserved 1075200K
  class space    used 4015K, capacity 4181K, committed 4224K, reserved 1048576K
Event: 12.753 GC heap after
Heap after GC invocations=9 (full 1):
 PSYoungGen      total 59392K, used 5831K [0x00000000e0000000, 0x00000000e4680000, 0x0000000100000000)
  eden space 49664K, 0% used [0x00000000e0000000,0x00000000e0000000,0x00000000e3080000)
  from space 9728K, 59% used [0x00000000e3a00000,0x00000000e3fb1c08,0x00000000e4380000)
  to   space 9728K, 0% used [0x00000000e3080000,0x00000000e3080000,0x00000000e3a00000)
 ParOldGen       total 60416K, used 8052K [0x00000000a0000000, 0x00000000a3b00000, 0x00000000e0000000)
  object space 60416K, 13% used [0x00000000a0000000,0x00000000a07dd340,0x00000000a3b00000)
 Metaspace       used 28647K, capacity 29136K, committed 29312K, reserved 1075200K
  class space    used 4015K, capacity 4181K, committed 4224K, reserved 1048576K
}
Event: 17.589 GC heap before
{Heap before GC invocations=10 (full 1):
 PSYoungGen      total 59392K, used 55495K [0x00000000e0000000, 0x00000000e4680000, 0x0000000100000000)
  eden space 49664K, 100% used [0x00000000e0000000,0x00000000e3080000,0x00000000e3080000)
  from space 9728K, 59% used [0x00000000e3a00000,0x00000000e3fb1c08,0x00000000e4380000)
  to   space 9728K, 0% used [0x00000000e3080000,0x00000000e3080000,0x00000000e3a00000)
 ParOldGen       total 60416K, used 8052K [0x00000000a0000000, 0x00000000a3b00000, 0x00000000e0000000)
  object space 60416K, 13% used [0x00000000a0000000,0x00000000a07dd340,0x00000000a3b00000)
 Metaspace       used 34037K, capacity 34614K, committed 34688K, reserved 1079296K
  class space    used 4724K, capacity 4925K, committed 4992K, reserved 1048576K
Event: 17.630 GC heap after
Heap after GC invocations=10 (full 1):
 PSYoungGen      total 59392K, used 9718K [0x00000000e0000000, 0x00000000e5780000, 0x0000000100000000)
  eden space 49664K, 0% used [0x00000000e0000000,0x00000000e0000000,0x00000000e3080000)
  from space 9728K, 99% used [0x00000000e3080000,0x00000000e39fdb50,0x00000000e3a00000)
  to   space 10752K, 0% used [0x00000000e4d00000,0x00000000e4d00000,0x00000000e5780000)
 ParOldGen       total 60416K, used 8458K [0x00000000a0000000, 0x00000000a3b00000, 0x00000000e0000000)
  object space 60416K, 13% used [0x00000000a0000000,0x00000000a08428c0,0x00000000a3b00000)
 Metaspace       used 34037K, capacity 34614K, committed 34688K, reserved 1079296K
  class space    used 4724K, capacity 4925K, committed 4992K, reserved 1048576K
}
Event: 17.856 GC heap before
{Heap before GC invocations=11 (full 1):
 PSYoungGen      total 59392K, used 12510K [0x00000000e0000000, 0x00000000e5780000, 0x0000000100000000)
  eden space 49664K, 5% used [0x00000000e0000000,0x00000000e02b9fa8,0x00000000e3080000)
  from space 9728K, 99% used [0x00000000e3080000,0x00000000e39fdb50,0x00000000e3a00000)
  to   space 10752K, 0% used [0x00000000e4d00000,0x00000000e4d00000,0x00000000e5780000)
 ParOldGen       total 60416K, used 8458K [0x00000000a0000000, 0x00000000a3b00000, 0x00000000e0000000)
  object space 60416K, 13% used [0x00000000a0000000,0x00000000a08428c0,0x00000000a3b00000)
 Metaspace       used 34663K, capacity 35182K, committed 35416K, reserved 1079296K
  class space    used 4782K, capacity 4967K, committed 4992K, reserved 1048576K
Event: 17.871 GC heap after
Heap after GC invocations=11 (full 1):
 PSYoungGen      total 78848K, used 4266K [0x00000000e0000000, 0x00000000e5d00000, 0x0000000100000000)
  eden space 68096K, 0% used [0x00000000e0000000,0x00000000e0000000,0x00000000e4280000)
  from space 10752K, 39% used [0x00000000e4d00000,0x00000000e512abb0,0x00000000e5780000)
  to   space 10752K, 0% used [0x00000000e4280000,0x00000000e4280000,0x00000000e4d00000)
 ParOldGen       total 60416K, used 11366K [0x00000000a0000000, 0x00000000a3b00000, 0x00000000e0000000)
  object space 60416K, 18% used [0x00000000a0000000,0x00000000a0b19970,0x00000000a3b00000)
 Metaspace       used 34663K, capacity 35182K, committed 35416K, reserved 1079296K
  class space    used 4782K, capacity 4967K, committed 4992K, reserved 1048576K
}
Event: 17.871 GC heap before
{Heap before GC invocations=12 (full 2):
 PSYoungGen      total 78848K, used 4266K [0x00000000e0000000, 0x00000000e5d00000, 0x0000000100000000)
  eden space 68096K, 0% used [0x00000000e0000000,0x00000000e0000000,0x00000000e4280000)
  from space 10752K, 39% used [0x00000000e4d00000,0x00000000e512abb0,0x00000000e5780000)
  to   space 10752K, 0% used [0x00000000e4280000,0x00000000e4280000,0x00000000e4d00000)
 ParOldGen       total 60416K, used 11366K [0x00000000a0000000, 0x00000000a3b00000, 0x00000000e0000000)
  object space 60416K, 18% used [0x00000000a0000000,0x00000000a0b19970,0x00000000a3b00000)
 Metaspace       used 34663K, capacity 35182K, committed 35416K, reserved 1079296K
  class space    used 4782K, capacity 4967K, committed 4992K, reserved 1048576K
Event: 17.980 GC heap after
Heap after GC invocations=12 (full 2):
 PSYoungGen      total 78848K, used 0K [0x00000000e0000000, 0x00000000e5d00000, 0x0000000100000000)
  eden space 68096K, 0% used [0x00000000e0000000,0x00000000e0000000,0x00000000e4280000)
  from space 10752K, 0% used [0x00000000e4d00000,0x00000000e4d00000,0x00000000e5780000)
  to   space 10752K, 0% used [0x00000000e4280000,0x00000000e4280000,0x00000000e4d00000)
 ParOldGen       total 81408K, used 13866K [0x00000000a0000000, 0x00000000a4f80000, 0x00000000e0000000)
  object space 81408K, 17% used [0x00000000a0000000,0x00000000a0d8a8d0,0x00000000a4f80000)
 Metaspace       used 34663K, capacity 35182K, committed 35416K, reserved 1079296K
  class space    used 4782K, capacity 4967K, committed 4992K, reserved 1048576K
}
Event: 20.281 GC heap before
{Heap before GC invocations=13 (full 2):
 PSYoungGen      total 78848K, used 68096K [0x00000000e0000000, 0x00000000e5d00000, 0x0000000100000000)
  eden space 68096K, 100% used [0x00000000e0000000,0x00000000e4280000,0x00000000e4280000)
  from space 10752K, 0% used [0x00000000e4d00000,0x00000000e4d00000,0x00000000e5780000)
  to   space 10752K, 0% used [0x00000000e4280000,0x00000000e4280000,0x00000000e4d00000)
 ParOldGen       total 81408K, used 13866K [0x00000000a0000000, 0x00000000a4f80000, 0x00000000e0000000)
  object space 81408K, 17% used [0x00000000a0000000,0x00000000a0d8a8d0,0x00000000a4f80000)
 Metaspace       used 38166K, capacity 38914K, committed 39256K, reserved 1083392K
  class space    used 5214K, capacity 5461K, committed 5504K, reserved 1048576K
Event: 20.303 GC heap after
Heap after GC invocations=13 (full 2):
 PSYoungGen      total 78848K, used 6615K [0x00000000e0000000, 0x00000000e7280000, 0x0000000100000000)
  eden space 68096K, 0% used [0x00000000e0000000,0x00000000e0000000,0x00000000e4280000)
  from space 10752K, 61% used [0x00000000e4280000,0x00000000e48f5fb8,0x00000000e4d00000)
  to   space 10752K, 0% used [0x00000000e6800000,0x00000000e6800000,0x00000000e7280000)
 ParOldGen       total 81408K, used 13874K [0x00000000a0000000, 0x00000000a4f80000, 0x00000000e0000000)
  object space 81408K, 17% used [0x00000000a0000000,0x00000000a0d8c8d0,0x00000000a4f80000)
 Metaspace       used 38166K, capacity 38914K, committed 39256K, reserved 1083392K
  class space    used 5214K, capacity 5461K, committed 5504K, reserved 1048576K
}

